2019-10-09 18:19:41 INFO  UserServiceImplementation:58 - kuchh bhi
2019-10-09 18:19:41 INFO  UserServiceImplementation:61 - kuchh bhi
2019-10-11 09:32:18 INFO  UserServiceImplementation:58 - kuchh bhi
2019-10-11 09:32:18 INFO  UserServiceImplementation:61 - kuchh bhi
2019-10-11 09:35:55 INFO  UserServiceImplementation:58 - kuchh bhi
2019-10-11 09:35:55 INFO  UserServiceImplementation:61 - kuchh bhi
2019-10-11 17:10:24 INFO  UserServiceImplementation:58 - kuchh bhi
2019-10-11 17:10:24 INFO  UserServiceImplementation:61 - kuchh bhi
2019-10-17 10:59:42 INFO  UserServiceImplementation:60 - kuchh bhi
2019-10-17 10:59:43 INFO  UserServiceImplementation:63 - kuchh bhi
2019-10-23 15:58:48 INFO  UserServiceImplementation:60 - kuchh bhi
2019-10-23 15:58:49 INFO  UserServiceImplementation:63 - kuchh bhi
2019-10-24 11:08:35 INFO  UserServiceImplementation:60 - kuchh bhi
2019-10-24 11:08:35 INFO  UserServiceImplementation:63 - kuchh bhi
2019-10-24 11:08:36 INFO  UserServiceImplementation:75 - eyJ0eXAiOiJKV1QiLCJhbGciOiJIUzUxMiJ9.eyJ1c2VySWQiOjkyfQ.urEKR4Oc2vrb35M9O-SQ45Pu0tw2AhI0twQ8lVG0lF12CSUusHj6XRYBrWLO3EEYfbM31Qh7VqbLG3DEY9m6yw
2019-10-24 11:09:37 INFO  UserServiceImplementation:60 - kuchh bhi
2019-10-24 11:09:37 INFO  UserServiceImplementation:63 - kuchh bhi
2019-10-24 11:34:04 INFO  UserServiceImplementation:60 - kuchh bhi
2019-10-24 11:34:04 INFO  UserServiceImplementation:63 - kuchh bhi
2019-10-24 11:34:04 INFO  UserServiceImplementation:75 - eyJ0eXAiOiJKV1QiLCJhbGciOiJIUzUxMiJ9.eyJ1c2VySWQiOjk0fQ.QsCADvl3SUueT1fDe7XifkB6CPzXb3c8kaNfVbHYe6IH7bOUzQcl_R70Rg20yS63PInns5hdLwrozwfog1dG1Q
2019-10-25 09:24:13 INFO  UserServiceImplementation:63 - kuchh bhi
2019-10-25 09:24:13 INFO  UserServiceImplementation:66 - kuchh bhi
2019-10-25 09:26:58 INFO  UserServiceImplementation:63 - kuchh bhi
2019-10-25 09:26:58 INFO  UserServiceImplementation:66 - kuchh bhi
2019-10-25 09:26:58 INFO  UserServiceImplementation:78 - eyJ0eXAiOiJKV1QiLCJhbGciOiJIUzUxMiJ9.eyJ1c2VySWQiOjk1fQ.8pRbD9f8Dzn7YYfBkNnl353lprK58rVeMCW8z-gXd_zHOXJ4FNr2Uf-yOwhrjN6g5-NuhIZCASGAYQsQG_V1Rw
2019-10-25 09:28:47 INFO  UserServiceImplementation:63 - kuchh bhi
2019-10-25 09:28:47 INFO  UserServiceImplementation:66 - kuchh bhi
2019-10-25 09:28:47 INFO  UserServiceImplementation:78 - eyJ0eXAiOiJKV1QiLCJhbGciOiJIUzUxMiJ9.eyJ1c2VySWQiOjk2fQ.s-J6BGVBWkjpVkPnwnnGOQKTsquLK4cFGqo48BwhU4RwtttEKWjHnk13hDmIykP_oA22SGfGrcPUQwiCcqA9Mw
2019-10-25 13:26:36 INFO  UserServiceImplementation:63 - kuchh bhi
2019-10-25 13:26:36 INFO  UserServiceImplementation:66 - kuchh bhi
2019-10-25 13:26:37 INFO  UserServiceImplementation:78 - eyJ0eXAiOiJKV1QiLCJhbGciOiJIUzUxMiJ9.eyJ1c2VySWQiOjk3fQ.yk2VsvDhBfxS31BKGg6yrL1Np8TujOArb-t3CYGxs_C3kAWxw5fdSqv3iwdvwrCVNa6FcqM18fg0lspZhddtGA
2019-11-05 10:39:52 INFO  UserServiceImplementation:63 - kuchh bhi
2019-11-05 10:39:52 INFO  UserServiceImplementation:66 - kuchh bhi
2019-11-05 10:39:53 INFO  UserServiceImplementation:78 - eyJ0eXAiOiJKV1QiLCJhbGciOiJIUzUxMiJ9.eyJ1c2VySWQiOjExMn0.idGhPOD95kAU1PS7pJRZXZNflqSWNhhrI3DQfuuf9bC0pPGUulSbxpZF6nDb1bUxC3d5oKLdcx6HNwOg2VMTlw
2019-11-13 18:14:56 INFO  UserServiceImplementation:62 - kuchh bhi
2019-11-13 18:14:56 INFO  UserServiceImplementation:65 - kuchh bhi
2019-11-13 18:14:56 INFO  UserServiceImplementation:77 - eyJ0eXAiOiJKV1QiLCJhbGciOiJIUzUxMiJ9.eyJ1c2VySWQiOjE3MH0.rTiWYUpbUB1-KOOTFxTRr3HH2FSPEMoJb1FvdRuTY0fDvK5bkY9sApPOGK1PDMwealm7YHRcA27XcdVWtglXkw
2019-11-15 14:30:09 INFO  UserServiceImplementation:62 - kuchh bhi
2019-11-15 14:30:10 INFO  UserServiceImplementation:65 - kuchh bhi
2019-11-15 14:30:36 INFO  UserServiceImplementation:62 - kuchh bhi
2019-11-15 14:30:36 INFO  UserServiceImplementation:65 - kuchh bhi
2019-11-15 14:31:05 INFO  UserServiceImplementation:62 - kuchh bhi
2019-11-15 14:31:05 INFO  UserServiceImplementation:65 - kuchh bhi
2019-11-15 14:31:05 INFO  UserServiceImplementation:77 - eyJ0eXAiOiJKV1QiLCJhbGciOiJIUzUxMiJ9.eyJ1c2VySWQiOjE4M30.nUxZrr3mtxeQ2UQJYn2tStt9AlsYQyoHrDTA_TDajRDINoVS5AUl9954cCA3Rk1mWQCN608uISpgSAOzvNmzZg
2019-11-15 14:34:23 INFO  UserServiceImplementation:62 - kuchh bhi
2019-11-15 14:34:23 INFO  UserServiceImplementation:65 - kuchh bhi
2019-11-15 14:34:57 INFO  UserServiceImplementation:62 - kuchh bhi
2019-11-15 14:34:57 INFO  UserServiceImplementation:65 - kuchh bhi
2019-11-15 14:34:57 INFO  UserServiceImplementation:77 - eyJ0eXAiOiJKV1QiLCJhbGciOiJIUzUxMiJ9.eyJ1c2VySWQiOjE4NX0.T3rUdPi2MWxXAZpwil8Aj5i84Rh71eK-EjPW6QhSPyyfgVUDFkgmbs812SnoUHufquFoN4Yilg-nVk4E6tqsHQ
2019-11-15 18:33:41 INFO  UserServiceImplementation:62 - kuchh bhi
2019-11-15 18:33:41 INFO  UserServiceImplementation:65 - kuchh bhi
2019-11-15 18:33:42 INFO  UserServiceImplementation:77 - eyJ0eXAiOiJKV1QiLCJhbGciOiJIUzUxMiJ9.eyJ1c2VySWQiOjE5N30.uq4NiFnG_DwMufx9EW2gSw7YEdICP8LrXMGAO9JOOSWiN7urXoma0-EFrFVoLwnE5_ybgWQoFejPyhkELZFfXA
2019-11-16 11:40:27 INFO  UserServiceImplementation:62 - kuchh bhi
2019-11-16 11:40:27 INFO  UserServiceImplementation:65 - kuchh bhi
2019-11-16 11:40:28 INFO  UserServiceImplementation:77 - eyJ0eXAiOiJKV1QiLCJhbGciOiJIUzUxMiJ9.eyJ1c2VySWQiOjF9.veGidz4mNNxgmUUDGuhF7vSnn5PTiJv28T6LFXdtmpDU-ZmbZpoUc83JWlOqTvsAoZyQxQyTLA_8KgMGXszyFQ
2019-11-16 11:41:06 INFO  UserServiceImplementation:62 - kuchh bhi
2019-11-16 11:41:06 INFO  UserServiceImplementation:65 - kuchh bhi
2019-11-16 11:41:06 INFO  UserServiceImplementation:77 - eyJ0eXAiOiJKV1QiLCJhbGciOiJIUzUxMiJ9.eyJ1c2VySWQiOjJ9.6I7rsOWYblDrC2OreB_9GyL6C1AowY5nA-fw2Il6_4Kgmnzf3TVrW0uqv_s8BtuwSGTyCtRgOUHCqkDve8ZsHg
2019-11-16 11:41:43 INFO  UserServiceImplementation:62 - kuchh bhi
2019-11-16 11:41:43 INFO  UserServiceImplementation:65 - kuchh bhi
2019-11-16 11:41:43 INFO  UserServiceImplementation:77 - eyJ0eXAiOiJKV1QiLCJhbGciOiJIUzUxMiJ9.eyJ1c2VySWQiOjN9.zrf6Khl8vStKtSqlmR7Ja_y9xdA-qFFCsaCSo4nMjnHoHq-rg4vDfQ6UL7rHI9nlzLOMBa-0Qxs_awOArEu16Q
2019-11-16 11:42:22 INFO  UserServiceImplementation:62 - kuchh bhi
2019-11-16 11:42:22 INFO  UserServiceImplementation:65 - kuchh bhi
2019-11-16 11:42:23 INFO  UserServiceImplementation:77 - eyJ0eXAiOiJKV1QiLCJhbGciOiJIUzUxMiJ9.eyJ1c2VySWQiOjR9.ZT-fUyP4m3AbM8rLtnX1KiYyg7FV4Io8YLqcalOmd4676mdiKOiSQNHq_h4CAof6ntWvRk9zjLsUED1IKNfdYQ
